ncsim(64) 14.10-s005
Linux 2.6.32-431.el6.x86_64 #1 SMP Fri Nov 22 03:15:09 UTC 2013 x86_64
CPU cores: 24
Limit information:
======================================
cputime			unlimited
filesize		unlimited
datasize		unlimited
stacksize		10240 kbytes
coredumpsize	0 kbytes
memoryuse		unlimited
vmemoryuse		unlimited
descriptors		4096
memorylocked	64 kbytes
maxproc			1024
======================================
(Special)Runtime environment variables:

Runtime environment variables:
LC_PAPER=zh_HK.UTF-8
LC_ADDRESS=zh_HK.UTF-8
HOSTNAME=ideal125
LC_MONETARY=zh_HK.UTF-8
SELINUX_ROLE_REQUESTED=
TERM=xterm-256color
SHELL=/bin/sh
HISTSIZE=1000
SSH_CLIENT=140.116.245.113 57866 22
SELINUX_USE_CURRENT_RANGE=
LC_NUMERIC=zh_HK.UTF-8
QTDIR=/usr/lib64/qt-3.3
QTINC=/usr/lib64/qt-3.3/include
SSH_TTY=/dev/pts/5
USER=yuhong
LS_COLORS=rs=0:di=38;5;27:ln=38;5;51:mh=44;38;5;15:pi=40;38;5;11:so=38;5;13:do=38;5;5:bd=48;5;232;38;5;11:cd=48;5;232;38;5;3:or=48;5;232;38;5;9:mi=05;48;5;232;38;5;15:su=48;5;196;38;5;15:sg=48;5;11;38;5;16:ca=48;5;196;38;5;226:tw=48;5;10;38;5;16:ow=48;5;10;38;5;21:st=48;5;21;38;5;15:ex=38;5;34:*.tar=38;5;9:*.tgz=38;5;9:*.arj=38;5;9:*.taz=38;5;9:*.lzh=38;5;9:*.lzma=38;5;9:*.tlz=38;5;9:*.txz=38;5;9:*.zip=38;5;9:*.z=38;5;9:*.Z=38;5;9:*.dz=38;5;9:*.gz=38;5;9:*.lz=38;5;9:*.xz=38;5;9:*.bz2=38;5;9:*.tbz=38;5;9:*.tbz2=38;5;9:*.bz=38;5;9:*.tz=38;5;9:*.deb=38;5;9:*.rpm=38;5;9:*.jar=38;5;9:*.rar=38;5;9:*.ace=38;5;9:*.zoo=38;5;9:*.cpio=38;5;9:*.7z=38;5;9:*.rz=38;5;9:*.jpg=38;5;13:*.jpeg=38;5;13:*.gif=38;5;13:*.bmp=38;5;13:*.pbm=38;5;13:*.pgm=38;5;13:*.ppm=38;5;13:*.tga=38;5;13:*.xbm=38;5;13:*.xpm=38;5;13:*.tif=38;5;13:*.tiff=38;5;13:*.png=38;5;13:*.svg=38;5;13:*.svgz=38;5;13:*.mng=38;5;13:*.pcx=38;5;13:*.mov=38;5;13:*.mpg=38;5;13:*.mpeg=38;5;13:*.m2v=38;5;13:*.mkv=38;5;13:*.ogm=38;5;13:*.mp4=38;5;13:*.m4v=38;5;13:*.mp4v=38;5;13:*.vob=38;5;13:*.qt=38;5;13:*.nuv=38;5;13:*.wmv=38;5;13:*.asf=38;5;13:*.rm=38;5;13:*.rmvb=38;5;13:*.flc=38;5;13:*.avi=38;5;13:*.fli=38;5;13:*.flv=38;5;13:*.gl=38;5;13:*.dl=38;5;13:*.xcf=38;5;13:*.xwd=38;5;13:*.yuv=38;5;13:*.cgm=38;5;13:*.emf=38;5;13:*.axv=38;5;13:*.anx=38;5;13:*.ogv=38;5;13:*.ogx=38;5;13:*.aac=38;5;45:*.au=38;5;45:*.flac=38;5;45:*.mid=38;5;45:*.midi=38;5;45:*.mka=38;5;45:*.mp3=38;5;45:*.mpc=38;5;45:*.ogg=38;5;45:*.ra=38;5;45:*.wav=38;5;45:*.axa=38;5;45:*.oga=38;5;45:*.spx=38;5;45:*.xspf=38;5;45:
LC_TELEPHONE=zh_HK.UTF-8
MAIL=/var/spool/mail/yuhong
PATH=/usr/cad/cadence/INCISIV/cur/tools/bin/64bit:/usr/cad/cadence/INCISIV/cur/tools/bin/64bit:/usr/cad/cadence/INCISIV/cur/tools/bin/64bit:/usr/cad/cadence/INCISIV/cur/tools/bin:/usr/cad/cadence/INCISIV/cur/tools/vtools/vfault/bin:/usr/cad/cadence/INCISIV/cur/tools/dfII/bin:/home/nfs_cad/synopsys/verdi/cur/bin:/home/nfs_cad/synopsys/verdi/cur/nLint/bin:/usr/lib64/qt-3.3/bin:/usr/local/bin:/bin:/usr/bin:/usr/local/sbin:/usr/sbin:/sbin
LC_IDENTIFICATION=zh_HK.UTF-8
PWD=/home/yuhong/2019 summer/files/LAB2/src
LANG=zh_HK.UTF-8
LC_MEASUREMENT=zh_HK.UTF-8
SELINUX_LEVEL_REQUESTED=
SSH_ASKPASS=/usr/libexec/openssh/gnome-ssh-askpass
HISTCONTROL=ignoredups
SHLVL=2
HOME=/home/yuhong
LOGNAME=yuhong
QTLIB=/usr/lib64/qt-3.3/lib
CVS_RSH=ssh
SSH_CONNECTION=140.116.245.113 57866 140.116.245.125 22
LESSOPEN=|/usr/bin/lesspipe.sh %s
DISPLAY=localhost:15.0
LC_TIME=zh_HK.UTF-8
G_BROKEN_FILENAMES=1
LC_NAME=zh_HK.UTF-8
_=/bin/tcsh
HOSTTYPE=x86_64-linux
VENDOR=unknown
OSTYPE=linux
MACHTYPE=x86_64
GROUP=users
HOST=ideal125
REMOTEHOST=140.116.245.113
LM_LICENSE_FILE=5280@lscic:5280@lsnctu:5280@lsncu:26585@lsncku
LD_LIBRARY_PATH=/usr/cad/cadence/INCISIV/cur/tools/lib/64bit:/usr/cad/cadence/INCISIV/cur/tools/lib:/usr/cad/cadence/INCISIV/cur/tools/vtools/vfault/lib::/home/nfs_cad/synopsys/verdi/cur/share/PLI/IUS/LINUX64
SHLIB_PATH=/home/nfs_cad/synopsys/verdi/cur/share/PLI/IUS/LINUX64
_IRUNROOT_=/usr/cad/cadence/INCISIV/cur/tools
CDS_ARCH=lnx86
NCRUNMODE=ncverilog:./INCA_libs/irun.lnx8664.14.10.nc
IRUNBATCH=FALSE
IMPERAS_PORT_FILE=.vsp_ovp_gdb_port
TCL_LIBRARY=/usr/cad/cadence/INCISIV/cur/tools/inca/files/tcl/library
Runtime command line arguments:
argv[0]=ncverilog
argv[1]=-f
argv[2]=pre.f
argv[3]=CS.v
argv[4]=testfixture.v
argv[5]=+notimingcheck
argv[6]=+nc64bit
argv[7]=+access+r
82 profile - 100
          CPU/Mem usage: 0.040 sys,  0.050 user,  191.73M sys,  0.00M vm
83 VC callback profile - scalar:0 vector:0
84 Mon Aug 19 10:41:14 2019
85 pliAppInit
86 FSDB_GATE is disabled.
87 Enable Parallel Dumping.
88 pliAppMiscSet: New Sim Round
89 pliEntryInit
90 LIBSSCORE=found /home/nfs_cad/synopsys/verdi/cur/share/PLI/IUS/LINUX64/libsscore_ius141.so through $LD_LIBRARY_PATH setting.
91 argv[0]: cs.fsdb
92 FSDB Dumper for IUS, Release Verdi_O-2018.09, Linux x86_64/64bit, 08/30/2018
93 (C) 1996 - 2018 by Synopsys, Inc.
94 sps_call_fsdbDumpfile at 0 : /home/yuhong/2019 summer/files/LAB2/src/testfixture.v(47)
95 argv[0]: cs.fsdb
96 *Verdi* FSDB WARNING: The FSDB file already exists. Overwriting the FSDB file may crash the programs that are using this file.
97 *Verdi* : Create FSDB file 'cs.fsdb'
98 sps_call_fsdbDumpvars at 0 : /home/yuhong/2019 summer/files/LAB2/src/testfixture.v(48)
99 *Verdi* : Begin traversing the scopes, layer (0).
100 *Verdi* : End of traversing.
101 fsdbDumpvars traverse var: profile - 
          CPU/Mem usage: 0.060 sys,  0.060 user,  292.19M sys,  0.00M vm
                   incr: 0.000 sys,  0.000 user,  8.91M sys,  0.00M vm
                   accu: 0.000 sys,  0.000 user,  8.91M sys,  0.00M vm
              accu incr: 0.000 sys,  0.000 user,  8.91M sys,  0.00M vm

          Count usage: 41 var,  41 idcode,  41 callback
                 incr: 41 var,  41 idcode,  41 callback
                 accu: 41 var,  41 idcode,  41 callback
            accu incr: 41 var,  41 idcode,  41 callback
102 VC callback profile - scalar:0 vector:0
103 Mon Aug 19 10:41:14 2019
104 fsdbDumpvars: profile - 
          CPU/Mem usage: 0.060 sys,  0.060 user,  293.24M sys,  0.00M vm
                   incr: 0.000 sys,  0.000 user,  1.05M sys,  0.00M vm
                   accu: 0.000 sys,  0.000 user,  9.96M sys,  0.00M vm
              accu incr: 0.000 sys,  0.000 user,  1.05M sys,  0.00M vm

          Count usage: 41 var,  41 idcode,  41 callback
                 incr: 0 var,  0 idcode,  0 callback
                 accu: 41 var,  41 idcode,  41 callback
            accu incr: 0 var,  0 idcode,  0 callback
105 VC callback profile - scalar:19 vector:22
106 Mon Aug 19 10:41:14 2019
107 sps_call_fsdbDumpMDA at 0 : /home/yuhong/2019 summer/files/LAB2/src/testfixture.v(49)
108 *Verdi* : Begin traversing the MDAs, layer (0).
109 *Verdi* : Enable +mda and +packedmda dumping.
110 *Verdi* : End of traversing the MDAs.
111 fsdbDumpMDA traverse var: profile - 
          CPU/Mem usage: 0.070 sys,  0.230 user,  298.18M sys,  0.00M vm
                   incr: 0.010 sys,  0.170 user,  4.94M sys,  0.00M vm
                   accu: 0.010 sys,  0.170 user,  4.94M sys,  0.00M vm
              accu incr: 0.010 sys,  0.170 user,  4.94M sys,  0.00M vm

          Count usage: 40076 var,  40076 idcode,  40078 callback
                 incr: 40035 var,  40035 idcode,  40037 callback
                 accu: 40035 var,  40035 idcode,  40037 callback
            accu incr: 40035 var,  40035 idcode,  40037 callback
112 VC callback profile - scalar:19 vector:22
113 Mon Aug 19 10:41:15 2019
114 fsdbDumpMDA: profile - 
          CPU/Mem usage: 0.070 sys,  0.260 user,  299.71M sys,  0.00M vm
                   incr: 0.000 sys,  0.030 user,  1.53M sys,  0.00M vm
                   accu: 0.010 sys,  0.200 user,  6.47M sys,  0.00M vm
              accu incr: 0.000 sys,  0.030 user,  1.53M sys,  0.00M vm

          Count usage: 40076 var,  40076 idcode,  40078 callback
                 incr: 0 var,  0 idcode,  0 callback
                 accu: 40035 var,  40035 idcode,  40037 callback
            accu incr: 0 var,  0 idcode,  0 callback
115 VC callback profile - scalar:19 vector:40057
116 Mon Aug 19 10:41:15 2019
117 End of simulation at 7535040
118 VC callback profile - scalar:20692 vector:172783
119 Mon Aug 19 10:41:15 2019
120 Begin FSDB profile info:
121 FSDB Writer : bc1(20692) bcn(172783) mtf/stf(0/0)
FSDB Writer elapsed time : flush(0.073097) io wait(0.000000) theadpool wait(0.000000) target functin(0.000000)
FSDB Writer cpu time : MT Compression : 0
122 End FSDB profile info
123 Parallel profile    -  Flush:4 Expand:0 ProduceWait:0 ConsumerWait:0 BlockUsed:1
124                        ProduceTime:0.439942602 ConsumerTime:0.020767670 Buffer:64MB
125 SimExit
126 Sim process exit
